<?xml version="1.0" encoding="UTF-8"?>
<!-- Generated by org.testng.reporters.JUnitReportReporter -->
<testsuite hostname="DESKTOP-D5TO71H" failures="0" tests="1" name="APIAutomation.APITestPATCHRequest" time="1.473" errors="0" timestamp="2022-09-25T18:12:45 IST" skipped="0">
  <testcase classname="APIAutomation.APITestPATCHRequest" name="testPATCHRequest" time="1.473"/>
  <system-out/>
</testsuite> <!-- APIAutomation.APITestPATCHRequest -->
