<?xml version="1.0" encoding="UTF-8"?>
<!-- Generated by org.testng.reporters.JUnitReportReporter -->
<testsuite hostname="DESKTOP-D5TO71H" failures="0" tests="1" name="APIAutomation.APITestDELETERequest" time="1.426" errors="0" timestamp="2022-09-25T18:13:15 IST" skipped="0">
  <testcase classname="APIAutomation.APITestDELETERequest" name="testPATCHRequest" time="1.426"/>
  <system-out/>
</testsuite> <!-- APIAutomation.APITestDELETERequest -->
