<?xml version="1.0" encoding="UTF-8"?>
<!-- Generated by org.testng.reporters.JUnitReportReporter -->
<testsuite hostname="DESKTOP-D5TO71H" failures="0" tests="1" name="APIAutomation.APITestPUTRequest" time="1.460" errors="0" timestamp="2022-09-25T18:04:28 IST" skipped="0">
  <testcase classname="APIAutomation.APITestPUTRequest" name="testPUTRequest" time="1.460"/>
  <system-out/>
</testsuite> <!-- APIAutomation.APITestPUTRequest -->
