<?xml version="1.0" encoding="UTF-8"?>
<!-- Generated by org.testng.reporters.JUnitReportReporter -->
<testsuite hostname="DESKTOP-D5TO71H" failures="0" tests="1" name="APIAutomation.PostSOAPAPIRequest" time="2.543" errors="0" timestamp="2022-09-28T22:23:58 IST" skipped="0">
  <testcase classname="APIAutomation.PostSOAPAPIRequest" name="soapPOSTRequest" time="2.543"/>
  <system-out/>
</testsuite> <!-- APIAutomation.PostSOAPAPIRequest -->
