<?xml version="1.0" encoding="UTF-8"?>
<!-- Generated by org.testng.reporters.JUnitReportReporter -->
<testsuite hostname="DESKTOP-D5TO71H" failures="0" tests="1" name="APIAutomation.APITestGETRequest" time="1.678" errors="0" timestamp="2022-09-26T22:35:57 IST" skipped="0">
  <testcase classname="APIAutomation.APITestGETRequest" name="testGetRequest" time="1.678"/>
  <system-out/>
</testsuite> <!-- APIAutomation.APITestGETRequest -->
